[0.031s] Invoking command in '/home/tahaos/Code/Projects/rpwr-assignments/04_navigation/ws/ros/build/turtlebot4_msgs': CMAKE_PREFIX_PATH=${CMAKE_PREFIX_PATH}:/opt/ros/jazzy VIRTUAL_ENV_PROMPT=(.rpwr_venv) /usr/bin/cmake /home/tahaos/Code/Projects/rpwr-assignments/04_navigation/ws/ros/src/turtlebot4/turtlebot4_msgs -DCMAKE_INSTALL_PREFIX=/home/tahaos/Code/Projects/rpwr-assignments/04_navigation/ws/ros/install/turtlebot4_msgs
[0.054s] -- Found ament_cmake: 2.5.4 (/opt/ros/jazzy/share/ament_cmake/cmake)
[0.311s] -- Found ament_lint_auto: 0.17.2 (/opt/ros/jazzy/share/ament_lint_auto/cmake)
[0.433s] -- Found rosidl_default_generators: 1.6.0 (/opt/ros/jazzy/share/rosidl_default_generators/cmake)
[0.437s] -- Using all available rosidl_typesupport_c: rosidl_typesupport_fastrtps_c;rosidl_typesupport_introspection_c
[0.488s] -- Using all available rosidl_typesupport_cpp: rosidl_typesupport_fastrtps_cpp;rosidl_typesupport_introspection_cpp
[0.528s] -- Found rosidl_adapter: 4.6.5 (/opt/ros/jazzy/share/rosidl_adapter/cmake)
[0.530s] -- Found std_msgs: 5.3.6 (/opt/ros/jazzy/share/std_msgs/cmake)
[1.075s] -- Found ament_cmake_ros: 0.12.0 (/opt/ros/jazzy/share/ament_cmake_ros/cmake)
[1.471s] -- Using all available rosidl_typesupport_c: rosidl_typesupport_fastrtps_c;rosidl_typesupport_introspection_c
[1.959s] -- Using all available rosidl_typesupport_cpp: rosidl_typesupport_fastrtps_cpp;rosidl_typesupport_introspection_cpp
[1.968s] -- Found python_cmake_module: 0.11.1 (/opt/ros/jazzy/share/python_cmake_module/cmake)
[2.080s] -- Found PythonExtra: /home/tahaos/Code/Projects/rpwr-assignments/.rpwr_venv/bin/python3  
[2.728s] -- Found Python3: /home/tahaos/Code/Projects/rpwr-assignments/.rpwr_venv/bin/python3 (found version "3.12.3") found components: Interpreter Development NumPy Development.Module Development.Embed 
[2.762s] -- Added test 'copyright' to check source files copyright and LICENSE
[2.764s] -- Added test 'lint_cmake' to check CMake code style
[2.766s] -- Added test 'xmllint' to check XML markup files
[2.772s] -- Configuring done (2.7s)
[2.815s] -- Generating done (0.0s)
[2.829s] -- Build files have been written to: /home/tahaos/Code/Projects/rpwr-assignments/04_navigation/ws/ros/build/turtlebot4_msgs
[2.838s] Invoked command in '/home/tahaos/Code/Projects/rpwr-assignments/04_navigation/ws/ros/build/turtlebot4_msgs' returned '0': CMAKE_PREFIX_PATH=${CMAKE_PREFIX_PATH}:/opt/ros/jazzy VIRTUAL_ENV_PROMPT=(.rpwr_venv) /usr/bin/cmake /home/tahaos/Code/Projects/rpwr-assignments/04_navigation/ws/ros/src/turtlebot4/turtlebot4_msgs -DCMAKE_INSTALL_PREFIX=/home/tahaos/Code/Projects/rpwr-assignments/04_navigation/ws/ros/install/turtlebot4_msgs
[2.839s] Invoking command in '/home/tahaos/Code/Projects/rpwr-assignments/04_navigation/ws/ros/build/turtlebot4_msgs': CMAKE_PREFIX_PATH=${CMAKE_PREFIX_PATH}:/opt/ros/jazzy VIRTUAL_ENV_PROMPT=(.rpwr_venv) /usr/bin/cmake --build /home/tahaos/Code/Projects/rpwr-assignments/04_navigation/ws/ros/build/turtlebot4_msgs -- -j12 -l12
[2.896s] [  1%] [34m[1mGenerating type hashes for ROS interfaces[0m
[2.907s] [  1%] Built target ament_cmake_python_copy_turtlebot4_msgs
[2.957s] Traceback (most recent call last):
[2.957s]   File "/opt/ros/jazzy/lib/rosidl_generator_type_description/rosidl_generator_type_description", line 21, in <module>
[2.958s]     from rosidl_generator_type_description import generate_type_hash
[2.958s]   File "/opt/ros/jazzy/lib/python3.12/site-packages/rosidl_generator_type_description/__init__.py", line 24, in <module>
[2.958s]     from rosidl_parser.parser import parse_idl_file
[2.958s]   File "/opt/ros/jazzy/lib/python3.12/site-packages/rosidl_parser/parser.py", line 20, in <module>
[2.958s]     from lark import Lark
[2.958s] ModuleNotFoundError: No module named 'lark'
[2.966s] gmake[2]: *** [CMakeFiles/turtlebot4_msgs__rosidl_generator_type_description.dir/build.make:79: rosidl_generator_type_description/turtlebot4_msgs/msg/UserLed.json] Error 1
[2.967s] gmake[1]: *** [CMakeFiles/Makefile2:215: CMakeFiles/turtlebot4_msgs__rosidl_generator_type_description.dir/all] Error 2
[2.967s] gmake[1]: *** Waiting for unfinished jobs....
[3.767s] running egg_info
[3.805s] creating turtlebot4_msgs.egg-info
[3.805s] writing turtlebot4_msgs.egg-info/PKG-INFO
[3.806s] writing dependency_links to turtlebot4_msgs.egg-info/dependency_links.txt
[3.807s] writing top-level names to turtlebot4_msgs.egg-info/top_level.txt
[3.807s] writing manifest file 'turtlebot4_msgs.egg-info/SOURCES.txt'
[3.941s] reading manifest file 'turtlebot4_msgs.egg-info/SOURCES.txt'
[3.949s] writing manifest file 'turtlebot4_msgs.egg-info/SOURCES.txt'
[4.064s] [  1%] Built target ament_cmake_python_build_turtlebot4_msgs_egg
[4.068s] gmake: *** [Makefile:146: all] Error 2
[4.086s] Invoked command in '/home/tahaos/Code/Projects/rpwr-assignments/04_navigation/ws/ros/build/turtlebot4_msgs' returned '2': CMAKE_PREFIX_PATH=${CMAKE_PREFIX_PATH}:/opt/ros/jazzy VIRTUAL_ENV_PROMPT=(.rpwr_venv) /usr/bin/cmake --build /home/tahaos/Code/Projects/rpwr-assignments/04_navigation/ws/ros/build/turtlebot4_msgs -- -j12 -l12
